<?xml version="1.0" encoding="UTF-8"?>
<!-- Generated by org.testng.reporters.JUnitXMLReporter -->
<testsuite hostname="AMAC02DTA6PML7H" ignored="0" name="Test" tests="13" failures="0" timestamp="03 Mar 2022 15:29:01 GMT" time="651.542" errors="0">
  <testcase name="TC1807970" time="47.584" classname="eci.qa.planes_prueba.TestsPerfil"/>
  <testcase name="TC1807973" time="54.006" classname="eci.qa.planes_prueba.TestsPerfil"/>
  <testcase name="TC1807977" time="55.28" classname="eci.qa.planes_prueba.TestsPerfil"/>
  <testcase name="TC1807978" time="53.79" classname="eci.qa.planes_prueba.TestsPerfil"/>
  <testcase name="TC1807984" time="47.168" classname="eci.qa.planes_prueba.TestsPerfil"/>
  <testcase name="TC1808158" time="51.79" classname="eci.qa.planes_prueba.TestsPerfil"/>
  <testcase name="TC1799970" time="43.808" classname="eci.qa.planes_prueba.TestsLogin"/>
  <testcase name="TC1801384" time="44.33" classname="eci.qa.planes_prueba.TestsLogin"/>
  <testcase name="TC1801504" time="45.946" classname="eci.qa.planes_prueba.TestsLogin"/>
  <testcase name="TC1801514" time="49.466" classname="eci.qa.planes_prueba.TestsLogin"/>
  <testcase name="TC1801551" time="52.302" classname="eci.qa.planes_prueba.TestsLogin"/>
  <testcase name="TC1801563" time="50.71" classname="eci.qa.planes_prueba.TestsLogin"/>
  <testcase name="TC1802108" time="48.991" classname="eci.qa.planes_prueba.TestsLogin"/>
</testsuite> <!-- Test -->
