<?xml version="1.0" encoding="UTF-8"?>
<!-- Generated by org.testng.reporters.JUnitXMLReporter -->
<testsuite hostname="AMAC02DTA6PML7H" ignored="6" name="Test" tests="1" failures="0" timestamp="2022-06-27T17:42:24 CEST" time="137.887" errors="0">
  <testcase name="TC1799970" time="134.624" classname="eci.qa.planes_prueba.TestsLogin"/>
  <testcase name="TC1801551" time="0.0" classname="eci.qa.planes_prueba.TestsLogin">
    <ignored/>
  </testcase> <!-- TC1801551 -->
  <testcase name="TC1801384" time="0.0" classname="eci.qa.planes_prueba.TestsLogin">
    <ignored/>
  </testcase> <!-- TC1801384 -->
  <testcase name="TC1801563" time="0.0" classname="eci.qa.planes_prueba.TestsLogin">
    <ignored/>
  </testcase> <!-- TC1801563 -->
  <testcase name="TC1801504" time="0.0" classname="eci.qa.planes_prueba.TestsLogin">
    <ignored/>
  </testcase> <!-- TC1801504 -->
  <testcase name="TC1801514" time="0.0" classname="eci.qa.planes_prueba.TestsLogin">
    <ignored/>
  </testcase> <!-- TC1801514 -->
  <testcase name="TC1802108" time="0.0" classname="eci.qa.planes_prueba.TestsLogin">
    <ignored/>
  </testcase> <!-- TC1802108 -->
</testsuite> <!-- Test -->
